Info: Nothing to build for likedList
Info: Nothing to build for likedList
02:53:46 **** Incremental Build of configuration Debug for project likedList ****
Info: Internal Builder is used for build
gcc -O0 -g3 -Wall -c -fmessage-length=0 -o "src\\LinkedList.o" "..\\src\\LinkedList.c" 
gcc -o likedList "src\\LinkedList.o" "src\\main.o" "testing\\src\\Employee.o" "testing\\src\\addNodeTest.o" "testing\\src\\addTest.o" "testing\\src\\clearTest.o" "testing\\src\\cloneTest.o" "testing\\src\\containsAllTest.o" "testing\\src\\containsTest.o" "testing\\src\\deleteLinkedListTest.o" "testing\\src\\getNodeTest.o" "testing\\src\\getTest.o" "testing\\src\\indexOfTest.o" "testing\\src\\isEmptyTest.o" "testing\\src\\lenTest.o" "testing\\src\\main_test.o" "testing\\src\\newTest.o" "testing\\src\\popTest.o" "testing\\src\\pushTest.o" "testing\\src\\removeTest.o" "testing\\src\\setTest.o" "testing\\src\\sortTest.o" "testing\\src\\subListTest.o" "testing\\utest.o" 
c:/mingw/bin/../lib/gcc/mingw32/9.2.0/../../../../mingw32/bin/ld.exe: cannot open output file likedList.exe: Permission denied
collect2.exe: error: ld returned 1 exit status
02:53:47 **** Incremental Build of configuration Debug for project likedList ****
Info: Internal Builder is used for build
gcc -o likedList "src\\LinkedList.o" "src\\main.o" "testing\\src\\Employee.o" "testing\\src\\addNodeTest.o" "testing\\src\\addTest.o" "testing\\src\\clearTest.o" "testing\\src\\cloneTest.o" "testing\\src\\containsAllTest.o" "testing\\src\\containsTest.o" "testing\\src\\deleteLinkedListTest.o" "testing\\src\\getNodeTest.o" "testing\\src\\getTest.o" "testing\\src\\indexOfTest.o" "testing\\src\\isEmptyTest.o" "testing\\src\\lenTest.o" "testing\\src\\main_test.o" "testing\\src\\newTest.o" "testing\\src\\popTest.o" "testing\\src\\pushTest.o" "testing\\src\\removeTest.o" "testing\\src\\setTest.o" "testing\\src\\sortTest.o" "testing\\src\\subListTest.o" "testing\\utest.o" 
02:55:03 **** Incremental Build of configuration Debug for project likedList ****
Info: Internal Builder is used for build
gcc -O0 -g3 -Wall -c -fmessage-length=0 -o "src\\LinkedList.o" "..\\src\\LinkedList.c" 
gcc -o likedList "src\\LinkedList.o" "src\\main.o" "testing\\src\\Employee.o" "testing\\src\\addNodeTest.o" "testing\\src\\addTest.o" "testing\\src\\clearTest.o" "testing\\src\\cloneTest.o" "testing\\src\\containsAllTest.o" "testing\\src\\containsTest.o" "testing\\src\\deleteLinkedListTest.o" "testing\\src\\getNodeTest.o" "testing\\src\\getTest.o" "testing\\src\\indexOfTest.o" "testing\\src\\isEmptyTest.o" "testing\\src\\lenTest.o" "testing\\src\\main_test.o" "testing\\src\\newTest.o" "testing\\src\\popTest.o" "testing\\src\\pushTest.o" "testing\\src\\removeTest.o" "testing\\src\\setTest.o" "testing\\src\\sortTest.o" "testing\\src\\subListTest.o" "testing\\utest.o" 
Info: Nothing to build for likedList
02:56:06 **** Incremental Build of configuration Debug for project likedList ****
Info: Internal Builder is used for build
gcc -O0 -g3 -Wall -c -fmessage-length=0 -o "src\\LinkedList.o" "..\\src\\LinkedList.c" 
gcc -o likedList "src\\LinkedList.o" "src\\main.o" "testing\\src\\Employee.o" "testing\\src\\addNodeTest.o" "testing\\src\\addTest.o" "testing\\src\\clearTest.o" "testing\\src\\cloneTest.o" "testing\\src\\containsAllTest.o" "testing\\src\\containsTest.o" "testing\\src\\deleteLinkedListTest.o" "testing\\src\\getNodeTest.o" "testing\\src\\getTest.o" "testing\\src\\indexOfTest.o" "testing\\src\\isEmptyTest.o" "testing\\src\\lenTest.o" "testing\\src\\main_test.o" "testing\\src\\newTest.o" "testing\\src\\popTest.o" "testing\\src\\pushTest.o" "testing\\src\\removeTest.o" "testing\\src\\setTest.o" "testing\\src\\sortTest.o" "testing\\src\\subListTest.o" "testing\\utest.o" 
Info: Nothing to build for likedList
Info: Nothing to build for likedList
Info: Nothing to build for likedList
03:00:42 **** Incremental Build of configuration Debug for project likedList ****
Info: Internal Builder is used for build
gcc -O0 -g3 -Wall -c -fmessage-length=0 -o "src\\LinkedList.o" "..\\src\\LinkedList.c" 
gcc -o likedList "src\\LinkedList.o" "src\\main.o" "testing\\src\\Employee.o" "testing\\src\\addNodeTest.o" "testing\\src\\addTest.o" "testing\\src\\clearTest.o" "testing\\src\\cloneTest.o" "testing\\src\\containsAllTest.o" "testing\\src\\containsTest.o" "testing\\src\\deleteLinkedListTest.o" "testing\\src\\getNodeTest.o" "testing\\src\\getTest.o" "testing\\src\\indexOfTest.o" "testing\\src\\isEmptyTest.o" "testing\\src\\lenTest.o" "testing\\src\\main_test.o" "testing\\src\\newTest.o" "testing\\src\\popTest.o" "testing\\src\\pushTest.o" "testing\\src\\removeTest.o" "testing\\src\\setTest.o" "testing\\src\\sortTest.o" "testing\\src\\subListTest.o" "testing\\utest.o" 
03:00:49 **** Incremental Build of configuration Debug for project likedList ****
Info: Internal Builder is used for build
gcc -O0 -g3 -Wall -c -fmessage-length=0 -o "src\\main.o" "..\\src\\main.c" 
gcc -o likedList "src\\LinkedList.o" "src\\main.o" "testing\\src\\Employee.o" "testing\\src\\addNodeTest.o" "testing\\src\\addTest.o" "testing\\src\\clearTest.o" "testing\\src\\cloneTest.o" "testing\\src\\containsAllTest.o" "testing\\src\\containsTest.o" "testing\\src\\deleteLinkedListTest.o" "testing\\src\\getNodeTest.o" "testing\\src\\getTest.o" "testing\\src\\indexOfTest.o" "testing\\src\\isEmptyTest.o" "testing\\src\\lenTest.o" "testing\\src\\main_test.o" "testing\\src\\newTest.o" "testing\\src\\popTest.o" "testing\\src\\pushTest.o" "testing\\src\\removeTest.o" "testing\\src\\setTest.o" "testing\\src\\sortTest.o" "testing\\src\\subListTest.o" "testing\\utest.o" 
Info: Nothing to build for likedList
03:01:30 **** Incremental Build of configuration Debug for project likedList ****
Info: Internal Builder is used for build
gcc -O0 -g3 -Wall -c -fmessage-length=0 -o "src\\LinkedList.o" "..\\src\\LinkedList.c" 
gcc -o likedList "src\\LinkedList.o" "src\\main.o" "testing\\src\\Employee.o" "testing\\src\\addNodeTest.o" "testing\\src\\addTest.o" "testing\\src\\clearTest.o" "testing\\src\\cloneTest.o" "testing\\src\\containsAllTest.o" "testing\\src\\containsTest.o" "testing\\src\\deleteLinkedListTest.o" "testing\\src\\getNodeTest.o" "testing\\src\\getTest.o" "testing\\src\\indexOfTest.o" "testing\\src\\isEmptyTest.o" "testing\\src\\lenTest.o" "testing\\src\\main_test.o" "testing\\src\\newTest.o" "testing\\src\\popTest.o" "testing\\src\\pushTest.o" "testing\\src\\removeTest.o" "testing\\src\\setTest.o" "testing\\src\\sortTest.o" "testing\\src\\subListTest.o" "testing\\utest.o" 
Info: Nothing to build for likedList
14:09:16 **** Incremental Build of configuration Debug for project likedList ****
Info: Internal Builder is used for build
gcc -O0 -g3 -Wall -c -fmessage-length=0 -o "src\\main.o" "..\\src\\main.c" 
gcc -O0 -g3 -Wall -c -fmessage-length=0 -o "src\\LinkedList.o" "..\\src\\LinkedList.c" 
..\src\LinkedList.c: In function 'll_sort':
..\src\LinkedList.c:537:29: warning: implicit declaration of function 'll_Len'; did you mean 'll_len'? [-Wimplicit-function-declaration]
  537 |      for(int j = i + 1; j < ll_Len(this); j++){
      |                             ^~~~~~
      |                             ll_len
gcc -o likedList "src\\LinkedList.o" "src\\main.o" "testing\\src\\Employee.o" "testing\\src\\addNodeTest.o" "testing\\src\\addTest.o" "testing\\src\\clearTest.o" "testing\\src\\cloneTest.o" "testing\\src\\containsAllTest.o" "testing\\src\\containsTest.o" "testing\\src\\deleteLinkedListTest.o" "testing\\src\\getNodeTest.o" "testing\\src\\getTest.o" "testing\\src\\indexOfTest.o" "testing\\src\\isEmptyTest.o" "testing\\src\\lenTest.o" "testing\\src\\main_test.o" "testing\\src\\newTest.o" "testing\\src\\popTest.o" "testing\\src\\pushTest.o" "testing\\src\\removeTest.o" "testing\\src\\setTest.o" "testing\\src\\sortTest.o" "testing\\src\\subListTest.o" "testing\\utest.o" 
c:/mingw/bin/../lib/gcc/mingw32/9.2.0/../../../../mingw32/bin/ld.exe: src\LinkedList.o: in function `ll_sort':
C:\Users\herni\tps_labo_1\likedList\Debug/../src/LinkedList.c:537: undefined reference to `ll_Len'
collect2.exe: error: ld returned 1 exit status
14:09:18 **** Incremental Build of configuration Debug for project likedList ****
Info: Internal Builder is used for build
gcc -o likedList "src\\LinkedList.o" "src\\main.o" "testing\\src\\Employee.o" "testing\\src\\addNodeTest.o" "testing\\src\\addTest.o" "testing\\src\\clearTest.o" "testing\\src\\cloneTest.o" "testing\\src\\containsAllTest.o" "testing\\src\\containsTest.o" "testing\\src\\deleteLinkedListTest.o" "testing\\src\\getNodeTest.o" "testing\\src\\getTest.o" "testing\\src\\indexOfTest.o" "testing\\src\\isEmptyTest.o" "testing\\src\\lenTest.o" "testing\\src\\main_test.o" "testing\\src\\newTest.o" "testing\\src\\popTest.o" "testing\\src\\pushTest.o" "testing\\src\\removeTest.o" "testing\\src\\setTest.o" "testing\\src\\sortTest.o" "testing\\src\\subListTest.o" "testing\\utest.o" 
c:/mingw/bin/../lib/gcc/mingw32/9.2.0/../../../../mingw32/bin/ld.exe: src\LinkedList.o: in function `ll_sort':
C:\Users\herni\tps_labo_1\likedList\Debug/../src/LinkedList.c:537: undefined reference to `ll_Len'
collect2.exe: error: ld returned 1 exit status
14:09:19 **** Incremental Build of configuration Debug for project likedList ****
Info: Internal Builder is used for build
gcc -o likedList "src\\LinkedList.o" "src\\main.o" "testing\\src\\Employee.o" "testing\\src\\addNodeTest.o" "testing\\src\\addTest.o" "testing\\src\\clearTest.o" "testing\\src\\cloneTest.o" "testing\\src\\containsAllTest.o" "testing\\src\\containsTest.o" "testing\\src\\deleteLinkedListTest.o" "testing\\src\\getNodeTest.o" "testing\\src\\getTest.o" "testing\\src\\indexOfTest.o" "testing\\src\\isEmptyTest.o" "testing\\src\\lenTest.o" "testing\\src\\main_test.o" "testing\\src\\newTest.o" "testing\\src\\popTest.o" "testing\\src\\pushTest.o" "testing\\src\\removeTest.o" "testing\\src\\setTest.o" "testing\\src\\sortTest.o" "testing\\src\\subListTest.o" "testing\\utest.o" 
c:/mingw/bin/../lib/gcc/mingw32/9.2.0/../../../../mingw32/bin/ld.exe: src\LinkedList.o: in function `ll_sort':
C:\Users\herni\tps_labo_1\likedList\Debug/../src/LinkedList.c:537: undefined reference to `ll_Len'
collect2.exe: error: ld returned 1 exit status
14:09:31 **** Incremental Build of configuration Debug for project likedList ****
Info: Internal Builder is used for build
gcc -O0 -g3 -Wall -c -fmessage-length=0 -o "src\\LinkedList.o" "..\\src\\LinkedList.c" 
gcc -o likedList "src\\LinkedList.o" "src\\main.o" "testing\\src\\Employee.o" "testing\\src\\addNodeTest.o" "testing\\src\\addTest.o" "testing\\src\\clearTest.o" "testing\\src\\cloneTest.o" "testing\\src\\containsAllTest.o" "testing\\src\\containsTest.o" "testing\\src\\deleteLinkedListTest.o" "testing\\src\\getNodeTest.o" "testing\\src\\getTest.o" "testing\\src\\indexOfTest.o" "testing\\src\\isEmptyTest.o" "testing\\src\\lenTest.o" "testing\\src\\main_test.o" "testing\\src\\newTest.o" "testing\\src\\popTest.o" "testing\\src\\pushTest.o" "testing\\src\\removeTest.o" "testing\\src\\setTest.o" "testing\\src\\sortTest.o" "testing\\src\\subListTest.o" "testing\\utest.o" 
Info: Nothing to build for likedList
14:09:38 **** Incremental Build of configuration Debug for project likedList ****
Info: Internal Builder is used for build
gcc -O0 -g3 -Wall -c -fmessage-length=0 -o "src\\main.o" "..\\src\\main.c" 
gcc -o likedList "src\\LinkedList.o" "src\\main.o" "testing\\src\\Employee.o" "testing\\src\\addNodeTest.o" "testing\\src\\addTest.o" "testing\\src\\clearTest.o" "testing\\src\\cloneTest.o" "testing\\src\\containsAllTest.o" "testing\\src\\containsTest.o" "testing\\src\\deleteLinkedListTest.o" "testing\\src\\getNodeTest.o" "testing\\src\\getTest.o" "testing\\src\\indexOfTest.o" "testing\\src\\isEmptyTest.o" "testing\\src\\lenTest.o" "testing\\src\\main_test.o" "testing\\src\\newTest.o" "testing\\src\\popTest.o" "testing\\src\\pushTest.o" "testing\\src\\removeTest.o" "testing\\src\\setTest.o" "testing\\src\\sortTest.o" "testing\\src\\subListTest.o" "testing\\utest.o" 
Info: Nothing to build for likedList
14:09:57 **** Incremental Build of configuration Debug for project likedList ****
Info: Internal Builder is used for build
gcc -O0 -g3 -Wall -c -fmessage-length=0 -o "src\\LinkedList.o" "..\\src\\LinkedList.c" 
gcc -o likedList "src\\LinkedList.o" "src\\main.o" "testing\\src\\Employee.o" "testing\\src\\addNodeTest.o" "testing\\src\\addTest.o" "testing\\src\\clearTest.o" "testing\\src\\cloneTest.o" "testing\\src\\containsAllTest.o" "testing\\src\\containsTest.o" "testing\\src\\deleteLinkedListTest.o" "testing\\src\\getNodeTest.o" "testing\\src\\getTest.o" "testing\\src\\indexOfTest.o" "testing\\src\\isEmptyTest.o" "testing\\src\\lenTest.o" "testing\\src\\main_test.o" "testing\\src\\newTest.o" "testing\\src\\popTest.o" "testing\\src\\pushTest.o" "testing\\src\\removeTest.o" "testing\\src\\setTest.o" "testing\\src\\sortTest.o" "testing\\src\\subListTest.o" "testing\\utest.o" 
c:/mingw/bin/../lib/gcc/mingw32/9.2.0/../../../../mingw32/bin/ld.exe: cannot open output file likedList.exe: Permission denied
collect2.exe: error: ld returned 1 exit status
14:09:57 **** Incremental Build of configuration Debug for project likedList ****
Info: Internal Builder is used for build
gcc -o likedList "src\\LinkedList.o" "src\\main.o" "testing\\src\\Employee.o" "testing\\src\\addNodeTest.o" "testing\\src\\addTest.o" "testing\\src\\clearTest.o" "testing\\src\\cloneTest.o" "testing\\src\\containsAllTest.o" "testing\\src\\containsTest.o" "testing\\src\\deleteLinkedListTest.o" "testing\\src\\getNodeTest.o" "testing\\src\\getTest.o" "testing\\src\\indexOfTest.o" "testing\\src\\isEmptyTest.o" "testing\\src\\lenTest.o" "testing\\src\\main_test.o" "testing\\src\\newTest.o" "testing\\src\\popTest.o" "testing\\src\\pushTest.o" "testing\\src\\removeTest.o" "testing\\src\\setTest.o" "testing\\src\\sortTest.o" "testing\\src\\subListTest.o" "testing\\utest.o" 
14:11:58 **** Incremental Build of configuration Debug for project likedList ****
Info: Internal Builder is used for build
gcc -O0 -g3 -Wall -c -fmessage-length=0 -o "src\\LinkedList.o" "..\\src\\LinkedList.c" 
gcc -o likedList "src\\LinkedList.o" "src\\main.o" "testing\\src\\Employee.o" "testing\\src\\addNodeTest.o" "testing\\src\\addTest.o" "testing\\src\\clearTest.o" "testing\\src\\cloneTest.o" "testing\\src\\containsAllTest.o" "testing\\src\\containsTest.o" "testing\\src\\deleteLinkedListTest.o" "testing\\src\\getNodeTest.o" "testing\\src\\getTest.o" "testing\\src\\indexOfTest.o" "testing\\src\\isEmptyTest.o" "testing\\src\\lenTest.o" "testing\\src\\main_test.o" "testing\\src\\newTest.o" "testing\\src\\popTest.o" "testing\\src\\pushTest.o" "testing\\src\\removeTest.o" "testing\\src\\setTest.o" "testing\\src\\sortTest.o" "testing\\src\\subListTest.o" "testing\\utest.o" 
c:/mingw/bin/../lib/gcc/mingw32/9.2.0/../../../../mingw32/bin/ld.exe: cannot open output file likedList.exe: Permission denied
collect2.exe: error: ld returned 1 exit status
14:11:59 **** Incremental Build of configuration Debug for project likedList ****
Info: Internal Builder is used for build
gcc -o likedList "src\\LinkedList.o" "src\\main.o" "testing\\src\\Employee.o" "testing\\src\\addNodeTest.o" "testing\\src\\addTest.o" "testing\\src\\clearTest.o" "testing\\src\\cloneTest.o" "testing\\src\\containsAllTest.o" "testing\\src\\containsTest.o" "testing\\src\\deleteLinkedListTest.o" "testing\\src\\getNodeTest.o" "testing\\src\\getTest.o" "testing\\src\\indexOfTest.o" "testing\\src\\isEmptyTest.o" "testing\\src\\lenTest.o" "testing\\src\\main_test.o" "testing\\src\\newTest.o" "testing\\src\\popTest.o" "testing\\src\\pushTest.o" "testing\\src\\removeTest.o" "testing\\src\\setTest.o" "testing\\src\\sortTest.o" "testing\\src\\subListTest.o" "testing\\utest.o" 
14:14:29 **** Incremental Build of configuration Debug for project likedList ****
Info: Internal Builder is used for build
gcc -O0 -g3 -Wall -c -fmessage-length=0 -o "src\\LinkedList.o" "..\\src\\LinkedList.c" 
gcc -o likedList "src\\LinkedList.o" "src\\main.o" "testing\\src\\Employee.o" "testing\\src\\addNodeTest.o" "testing\\src\\addTest.o" "testing\\src\\clearTest.o" "testing\\src\\cloneTest.o" "testing\\src\\containsAllTest.o" "testing\\src\\containsTest.o" "testing\\src\\deleteLinkedListTest.o" "testing\\src\\getNodeTest.o" "testing\\src\\getTest.o" "testing\\src\\indexOfTest.o" "testing\\src\\isEmptyTest.o" "testing\\src\\lenTest.o" "testing\\src\\main_test.o" "testing\\src\\newTest.o" "testing\\src\\popTest.o" "testing\\src\\pushTest.o" "testing\\src\\removeTest.o" "testing\\src\\setTest.o" "testing\\src\\sortTest.o" "testing\\src\\subListTest.o" "testing\\utest.o" 
c:/mingw/bin/../lib/gcc/mingw32/9.2.0/../../../../mingw32/bin/ld.exe: cannot open output file likedList.exe: Permission denied
collect2.exe: error: ld returned 1 exit status
14:14:30 **** Incremental Build of configuration Debug for project likedList ****
Info: Internal Builder is used for build
gcc -o likedList "src\\LinkedList.o" "src\\main.o" "testing\\src\\Employee.o" "testing\\src\\addNodeTest.o" "testing\\src\\addTest.o" "testing\\src\\clearTest.o" "testing\\src\\cloneTest.o" "testing\\src\\containsAllTest.o" "testing\\src\\containsTest.o" "testing\\src\\deleteLinkedListTest.o" "testing\\src\\getNodeTest.o" "testing\\src\\getTest.o" "testing\\src\\indexOfTest.o" "testing\\src\\isEmptyTest.o" "testing\\src\\lenTest.o" "testing\\src\\main_test.o" "testing\\src\\newTest.o" "testing\\src\\popTest.o" "testing\\src\\pushTest.o" "testing\\src\\removeTest.o" "testing\\src\\setTest.o" "testing\\src\\sortTest.o" "testing\\src\\subListTest.o" "testing\\utest.o" 
14:15:20 **** Incremental Build of configuration Debug for project likedList ****
Info: Internal Builder is used for build
gcc -O0 -g3 -Wall -c -fmessage-length=0 -o "src\\LinkedList.o" "..\\src\\LinkedList.c" 
gcc -o likedList "src\\LinkedList.o" "src\\main.o" "testing\\src\\Employee.o" "testing\\src\\addNodeTest.o" "testing\\src\\addTest.o" "testing\\src\\clearTest.o" "testing\\src\\cloneTest.o" "testing\\src\\containsAllTest.o" "testing\\src\\containsTest.o" "testing\\src\\deleteLinkedListTest.o" "testing\\src\\getNodeTest.o" "testing\\src\\getTest.o" "testing\\src\\indexOfTest.o" "testing\\src\\isEmptyTest.o" "testing\\src\\lenTest.o" "testing\\src\\main_test.o" "testing\\src\\newTest.o" "testing\\src\\popTest.o" "testing\\src\\pushTest.o" "testing\\src\\removeTest.o" "testing\\src\\setTest.o" "testing\\src\\sortTest.o" "testing\\src\\subListTest.o" "testing\\utest.o" 
c:/mingw/bin/../lib/gcc/mingw32/9.2.0/../../../../mingw32/bin/ld.exe: cannot open output file likedList.exe: Permission denied
collect2.exe: error: ld returned 1 exit status
14:15:21 **** Incremental Build of configuration Debug for project likedList ****
Info: Internal Builder is used for build
gcc -o likedList "src\\LinkedList.o" "src\\main.o" "testing\\src\\Employee.o" "testing\\src\\addNodeTest.o" "testing\\src\\addTest.o" "testing\\src\\clearTest.o" "testing\\src\\cloneTest.o" "testing\\src\\containsAllTest.o" "testing\\src\\containsTest.o" "testing\\src\\deleteLinkedListTest.o" "testing\\src\\getNodeTest.o" "testing\\src\\getTest.o" "testing\\src\\indexOfTest.o" "testing\\src\\isEmptyTest.o" "testing\\src\\lenTest.o" "testing\\src\\main_test.o" "testing\\src\\newTest.o" "testing\\src\\popTest.o" "testing\\src\\pushTest.o" "testing\\src\\removeTest.o" "testing\\src\\setTest.o" "testing\\src\\sortTest.o" "testing\\src\\subListTest.o" "testing\\utest.o" 
14:16:19 **** Incremental Build of configuration Debug for project likedList ****
Info: Internal Builder is used for build
gcc -O0 -g3 -Wall -c -fmessage-length=0 -o "src\\LinkedList.o" "..\\src\\LinkedList.c" 
gcc -o likedList "src\\LinkedList.o" "src\\main.o" "testing\\src\\Employee.o" "testing\\src\\addNodeTest.o" "testing\\src\\addTest.o" "testing\\src\\clearTest.o" "testing\\src\\cloneTest.o" "testing\\src\\containsAllTest.o" "testing\\src\\containsTest.o" "testing\\src\\deleteLinkedListTest.o" "testing\\src\\getNodeTest.o" "testing\\src\\getTest.o" "testing\\src\\indexOfTest.o" "testing\\src\\isEmptyTest.o" "testing\\src\\lenTest.o" "testing\\src\\main_test.o" "testing\\src\\newTest.o" "testing\\src\\popTest.o" "testing\\src\\pushTest.o" "testing\\src\\removeTest.o" "testing\\src\\setTest.o" "testing\\src\\sortTest.o" "testing\\src\\subListTest.o" "testing\\utest.o" 
c:/mingw/bin/../lib/gcc/mingw32/9.2.0/../../../../mingw32/bin/ld.exe: cannot open output file likedList.exe: Permission denied
collect2.exe: error: ld returned 1 exit status
14:16:19 **** Incremental Build of configuration Debug for project likedList ****
Info: Internal Builder is used for build
gcc -o likedList "src\\LinkedList.o" "src\\main.o" "testing\\src\\Employee.o" "testing\\src\\addNodeTest.o" "testing\\src\\addTest.o" "testing\\src\\clearTest.o" "testing\\src\\cloneTest.o" "testing\\src\\containsAllTest.o" "testing\\src\\containsTest.o" "testing\\src\\deleteLinkedListTest.o" "testing\\src\\getNodeTest.o" "testing\\src\\getTest.o" "testing\\src\\indexOfTest.o" "testing\\src\\isEmptyTest.o" "testing\\src\\lenTest.o" "testing\\src\\main_test.o" "testing\\src\\newTest.o" "testing\\src\\popTest.o" "testing\\src\\pushTest.o" "testing\\src\\removeTest.o" "testing\\src\\setTest.o" "testing\\src\\sortTest.o" "testing\\src\\subListTest.o" "testing\\utest.o" 
14:16:29 **** Incremental Build of configuration Debug for project likedList ****
Info: Internal Builder is used for build
gcc -O0 -g3 -Wall -c -fmessage-length=0 -o "src\\LinkedList.o" "..\\src\\LinkedList.c" 
gcc -o likedList "src\\LinkedList.o" "src\\main.o" "testing\\src\\Employee.o" "testing\\src\\addNodeTest.o" "testing\\src\\addTest.o" "testing\\src\\clearTest.o" "testing\\src\\cloneTest.o" "testing\\src\\containsAllTest.o" "testing\\src\\containsTest.o" "testing\\src\\deleteLinkedListTest.o" "testing\\src\\getNodeTest.o" "testing\\src\\getTest.o" "testing\\src\\indexOfTest.o" "testing\\src\\isEmptyTest.o" "testing\\src\\lenTest.o" "testing\\src\\main_test.o" "testing\\src\\newTest.o" "testing\\src\\popTest.o" "testing\\src\\pushTest.o" "testing\\src\\removeTest.o" "testing\\src\\setTest.o" "testing\\src\\sortTest.o" "testing\\src\\subListTest.o" "testing\\utest.o" 
c:/mingw/bin/../lib/gcc/mingw32/9.2.0/../../../../mingw32/bin/ld.exe: cannot open output file likedList.exe: Permission denied
collect2.exe: error: ld returned 1 exit status
14:16:29 **** Incremental Build of configuration Debug for project likedList ****
Info: Internal Builder is used for build
gcc -o likedList "src\\LinkedList.o" "src\\main.o" "testing\\src\\Employee.o" "testing\\src\\addNodeTest.o" "testing\\src\\addTest.o" "testing\\src\\clearTest.o" "testing\\src\\cloneTest.o" "testing\\src\\containsAllTest.o" "testing\\src\\containsTest.o" "testing\\src\\deleteLinkedListTest.o" "testing\\src\\getNodeTest.o" "testing\\src\\getTest.o" "testing\\src\\indexOfTest.o" "testing\\src\\isEmptyTest.o" "testing\\src\\lenTest.o" "testing\\src\\main_test.o" "testing\\src\\newTest.o" "testing\\src\\popTest.o" "testing\\src\\pushTest.o" "testing\\src\\removeTest.o" "testing\\src\\setTest.o" "testing\\src\\sortTest.o" "testing\\src\\subListTest.o" "testing\\utest.o" 
15:40:34 **** Incremental Build of configuration Debug for project likedList ****
Info: Internal Builder is used for build
gcc -O0 -g3 -Wall -c -fmessage-length=0 -o "src\\main.o" "..\\src\\main.c" 
gcc -O0 -g3 -Wall -c -fmessage-length=0 -o "src\\LinkedList.o" "..\\src\\LinkedList.c" 
gcc -o likedList "src\\LinkedList.o" "src\\main.o" "testing\\src\\Employee.o" "testing\\src\\addNodeTest.o" "testing\\src\\addTest.o" "testing\\src\\clearTest.o" "testing\\src\\cloneTest.o" "testing\\src\\containsAllTest.o" "testing\\src\\containsTest.o" "testing\\src\\deleteLinkedListTest.o" "testing\\src\\getNodeTest.o" "testing\\src\\getTest.o" "testing\\src\\indexOfTest.o" "testing\\src\\isEmptyTest.o" "testing\\src\\lenTest.o" "testing\\src\\main_test.o" "testing\\src\\newTest.o" "testing\\src\\popTest.o" "testing\\src\\pushTest.o" "testing\\src\\removeTest.o" "testing\\src\\setTest.o" "testing\\src\\sortTest.o" "testing\\src\\subListTest.o" "testing\\utest.o" 
c:/mingw/bin/../lib/gcc/mingw32/9.2.0/../../../../mingw32/bin/ld.exe: cannot open output file likedList.exe: Permission denied
collect2.exe: error: ld returned 1 exit status
15:40:36 **** Incremental Build of configuration Debug for project likedList ****
Info: Internal Builder is used for build
gcc -o likedList "src\\LinkedList.o" "src\\main.o" "testing\\src\\Employee.o" "testing\\src\\addNodeTest.o" "testing\\src\\addTest.o" "testing\\src\\clearTest.o" "testing\\src\\cloneTest.o" "testing\\src\\containsAllTest.o" "testing\\src\\containsTest.o" "testing\\src\\deleteLinkedListTest.o" "testing\\src\\getNodeTest.o" "testing\\src\\getTest.o" "testing\\src\\indexOfTest.o" "testing\\src\\isEmptyTest.o" "testing\\src\\lenTest.o" "testing\\src\\main_test.o" "testing\\src\\newTest.o" "testing\\src\\popTest.o" "testing\\src\\pushTest.o" "testing\\src\\removeTest.o" "testing\\src\\setTest.o" "testing\\src\\sortTest.o" "testing\\src\\subListTest.o" "testing\\utest.o" 
15:41:01 **** Incremental Build of configuration Debug for project likedList ****
Info: Internal Builder is used for build
gcc -O0 -g3 -Wall -c -fmessage-length=0 -o "src\\main.o" "..\\src\\main.c" 
gcc -o likedList "src\\LinkedList.o" "src\\main.o" "testing\\src\\Employee.o" "testing\\src\\addNodeTest.o" "testing\\src\\addTest.o" "testing\\src\\clearTest.o" "testing\\src\\cloneTest.o" "testing\\src\\containsAllTest.o" "testing\\src\\containsTest.o" "testing\\src\\deleteLinkedListTest.o" "testing\\src\\getNodeTest.o" "testing\\src\\getTest.o" "testing\\src\\indexOfTest.o" "testing\\src\\isEmptyTest.o" "testing\\src\\lenTest.o" "testing\\src\\main_test.o" "testing\\src\\newTest.o" "testing\\src\\popTest.o" "testing\\src\\pushTest.o" "testing\\src\\removeTest.o" "testing\\src\\setTest.o" "testing\\src\\sortTest.o" "testing\\src\\subListTest.o" "testing\\utest.o" 
Info: Nothing to build for likedList
15:41:13 **** Incremental Build of configuration Debug for project likedList ****
Info: Internal Builder is used for build
gcc -O0 -g3 -Wall -c -fmessage-length=0 -o "src\\main.o" "..\\src\\main.c" 
gcc -o likedList "src\\LinkedList.o" "src\\main.o" "testing\\src\\Employee.o" "testing\\src\\addNodeTest.o" "testing\\src\\addTest.o" "testing\\src\\clearTest.o" "testing\\src\\cloneTest.o" "testing\\src\\containsAllTest.o" "testing\\src\\containsTest.o" "testing\\src\\deleteLinkedListTest.o" "testing\\src\\getNodeTest.o" "testing\\src\\getTest.o" "testing\\src\\indexOfTest.o" "testing\\src\\isEmptyTest.o" "testing\\src\\lenTest.o" "testing\\src\\main_test.o" "testing\\src\\newTest.o" "testing\\src\\popTest.o" "testing\\src\\pushTest.o" "testing\\src\\removeTest.o" "testing\\src\\setTest.o" "testing\\src\\sortTest.o" "testing\\src\\subListTest.o" "testing\\utest.o" 
Info: Nothing to build for likedList
14:48:47 **** Rebuild of configuration Debug for project TP2 ****
Info: Internal Builder is used for build
gcc -O0 -g3 -Wall -c -fmessage-length=0 -o "src\\TP2.o" "..\\src\\TP2.c" 
gcc -O0 -g3 -Wall -c -fmessage-length=0 -o "src\\jugadores.o" "..\\src\\jugadores.c" 
gcc -O0 -g3 -Wall -c -fmessage-length=0 -o "src\\inputs.o" "..\\src\\inputs.c" 
gcc -O0 -g3 -Wall -c -fmessage-length=0 -o "src\\outputs.o" "..\\src\\outputs.c" 
gcc -O0 -g3 -Wall -c -fmessage-length=0 -o "src\\confederacion.o" "..\\src\\confederacion.c" 
gcc -o TP2.exe "src\\TP2.o" "src\\confederacion.o" "src\\inputs.o" "src\\jugadores.o" "src\\outputs.o" 
Info: Nothing to build for TP2
Info: Nothing to build for TP2
Info: Nothing to build for TP2
Info: Nothing to build for TP2
Info: Nothing to build for TP2
Info: Nothing to build for TP2
Info: Nothing to build for TP2
Info: Nothing to build for TP2
Info: Nothing to build for TP2
